(0000) 3000  0011000000000000 (   6)                 .ORIG x3000
(3000) 2003  0010000000000011 (  11) MAIN            LD    R0 TESTADDR
(3001) 4000  0100000000000000 (  12)                 JSRR  R0
(3002) 2002  0010000000000010 (  24)                 LD    R0 STOPADDR
(3003) 4000  0100000000000000 (  25)                 JSRR  R0
(3004) 30D4  0011000011010100 (  27) TESTADDR        .FILL x30D4
(3005) 31E8  0011000111101000 (  28) STOPADDR        .FILL x31E8
(3006) 907F  1001000001111111 (  38) NEG             NOT   R0 R1
(3007) 1021  0001000000100001 (  39)                 ADD   R0 R0 #1
(3008) C1C0  1100000111000000 (  40)                 RET   
(3009) 1042  0001000001000010 (  48) PLUS            ADD   R0 R1 R2
(300A) C1C0  1100000111000000 (  49)                 RET   
(300B) 90BF  1001000010111111 (  60) SUB             NOT   R0 R2
(300C) 1021  0001000000100001 (  61)                 ADD   R0 R0 #1
(300D) 1001  0001000000000001 (  62)                 ADD   R0 R0 R1
(300E) C1C0  1100000111000000 (  63)                 RET   
(300F) 5020  0101000000100000 (  72) MULT            AND   R0 R0 #0
(3010) 3418  0011010000011000 (  73)                 ST    R2 R2DAT
(3011) 3C18  0011110000011000 (  74)                 ST    R6 R6DAT
(3012) 5DA0  0101110110100000 (  75)                 AND   R6 R6 #0
(3013) 1DC6  0001110111000110 (  76)                 ADD   R6 R7 R6
(3014) 14A0  0001010010100000 (  77)                 ADD   R2 R2 #0
(3015) 4800  0100100000000000 (  78)                 JSR   x3016
(3016) 080D  0000100000001101 (  79)                 BRN   NEGATE
(3017) 0E01  0000111000000001 (  80)                 BRNZP LOOP
(3018) C1C0  1100000111000000 (  81)                 RET   
(3019) 14A0  0001010010100000 (  83) LOOP            ADD   R2 R2 #0
(301A) 0403  0000010000000011 (  84)                 BRZ   FINISH
(301B) 1001  0001000000000001 (  85)                 ADD   R0 R0 R1
(301C) 14BF  0001010010111111 (  86)                 ADD   R2 R2 #-1
(301D) 0BFB  0000101111111011 (  87)                 BRNP  LOOP
(301E) 240A  0010010000001010 (  89) FINISH          LD    R2 R2DAT
(301F) 5FE0  0101111111100000 (  90)                 AND   R7 R7 #0
(3020) 1F87  0001111110000111 (  91)                 ADD   R7 R6 R7
(3021) 5DA0  0101110110100000 (  92)                 AND   R6 R6 #0
(3022) 2C07  0010110000000111 (  93)                 LD    R6 R6DAT
(3023) C1C0  1100000111000000 (  94)                 RET   
(3024) 927F  1001001001111111 (  96) NEGATE          NOT   R1 R1
(3025) 1261  0001001001100001 (  97)                 ADD   R1 R1 #1
(3026) 94BF  1001010010111111 (  98)                 NOT   R2 R2
(3027) 14A1  0001010010100001 (  99)                 ADD   R2 R2 #1
(3028) C1C0  1100000111000000 ( 100)                 RET   
(3029) 0000  0000000000000000 ( 104) R2DAT           .FILL x0000
(302A) 0000  0000000000000000 ( 105) R6DAT           .FILL x0000
(302B) 14A0  0001010010100000 ( 114) DIV             ADD   R2 R2 #0
(302C) 3E40  0011111001000000 ( 115)                 ST    R7 R7DATA
(302D) 0436  0000010000110110 ( 116)                 BRZ   ERR
(302E) 323B  0011001000111011 ( 117)                 ST    R1 R1DATA
(302F) 343B  0011010000111011 ( 118)                 ST    R2 R2DATA
(3030) 363B  0011011000111011 ( 119)                 ST    R3 R3DATA
(3031) 5020  0101000000100000 ( 120)                 AND   R0 R0 #0
(3032) 56E0  0101011011100000 ( 121)                 AND   R3 R3 #0
(3033) 16E1  0001011011100001 ( 122)                 ADD   R3 R3 #1
(3034) 1260  0001001001100000 ( 123)                 ADD   R1 R1 #0
(3035) 0822  0000100000100010 ( 124)                 BRN   INV
(3036) 0E00  0000111000000000 ( 125)                 BRNZP NXT
(3037) 14A0  0001010010100000 ( 127) NXT             ADD   R2 R2 #0
(3038) 0824  0000100000100100 ( 128)                 BRN   NG
(3039) 94BF  1001010010111111 ( 130) ACT             NOT   R2 R2
(303A) 14A1  0001010010100001 ( 131)                 ADD   R2 R2 #1
(303B) 0E00  0000111000000000 ( 132)                 BRNZP LP
(303C) 1021  0001000000100001 ( 134) LP              ADD   R0 R0 #1
(303D) 1242  0001001001000010 ( 135)                 ADD   R1 R1 R2
(303E) 1260  0001001001100000 ( 136)                 ADD   R1 R1 #0
(303F) 0C01  0000110000000001 ( 137)                 BRNZ  FN
(3040) 0FFB  0000111111111011 ( 138)                 BRNZP LP
(3041) 1260  0001001001100000 ( 140) FN              ADD   R1 R1 #0
(3042) 081F  0000100000011111 ( 141)                 BRN   DCR
(3043) 16E0  0001011011100000 ( 143) FN2             ADD   R3 R3 #0
(3044) 0801  0000100000000001 ( 144)                 BRN   ACFLP
(3045) 0E02  0000111000000010 ( 145)                 BRNZP RLD
(3046) 903F  1001000000111111 ( 147) ACFLP           NOT   R0 R0
(3047) 1021  0001000000100001 ( 148)                 ADD   R0 R0 #1
(3048) 2422  0010010000100010 ( 150) RLD             LD    R2 R2DATA
(3049) 5260  0101001001100000 ( 151)                 AND   R1 R1 #0
(304A) 302A  0011000000101010 ( 152)                 ST    R0 PROD
(304B) 1201  0001001000000001 ( 153)                 ADD   R1 R0 R1
(304C) 4FC2  0100111111000010 ( 154)                 JSR   MULT
(304D) 221C  0010001000011100 ( 155)                 LD    R1 R1DATA
(304E) 54A0  0101010010100000 ( 156)                 AND   R2 R2 #0
(304F) 1402  0001010000000010 ( 157)                 ADD   R2 R0 R2
(3050) 4FBA  0100111110111010 ( 158)                 JSR   SUB
(3051) 3024  0011000000100100 ( 159)                 ST    R0 MD
(3052) 2022  0010000000100010 ( 160)                 LD    R0 PROD
(3053) 2618  0010011000011000 ( 162) DNE             LD    R3 R3DATA
(3054) 2215  0010001000010101 ( 163)                 LD    R1 R1DATA
(3055) 2415  0010010000010101 ( 164)                 LD    R2 R2DATA
(3056) 2E16  0010111000010110 ( 165)                 LD    R7 R7DATA
(3057) C1C0  1100000111000000 ( 166)                 RET   
(3058) 927F  1001001001111111 ( 168) INV             NOT   R1 R1
(3059) 1261  0001001001100001 ( 169)                 ADD   R1 R1 #1
(305A) 94BF  1001010010111111 ( 170)                 NOT   R2 R2
(305B) 14A1  0001010010100001 ( 171)                 ADD   R2 R2 #1
(305C) 0FDA  0000111111011010 ( 172)                 BRNZP NXT
(305D) 94BF  1001010010111111 ( 174) NG              NOT   R2 R2
(305E) 14A1  0001010010100001 ( 175)                 ADD   R2 R2 #1
(305F) 96FF  1001011011111111 ( 176)                 NOT   R3 R3
(3060) 16E1  0001011011100001 ( 177)                 ADD   R3 R3 #1
(3061) 0FD7  0000111111010111 ( 178)                 BRNZP ACT
(3062) 103F  0001000000111111 ( 180) DCR             ADD   R0 R0 #-1
(3063) 0FDF  0000111111011111 ( 181)                 BRNZP FN2
(3064) E009  1110000000001001 ( 183) ERR             LEA   R0 ERROR
(3065) F022  1111000000100010 ( 184)                 TRAP  x22
(3066) 5020  0101000000100000 ( 185)                 AND   R0 R0 #0
(3067) 300E  0011000000001110 ( 186)                 ST    R0 MD
(3068) 2E04  0010111000000100 ( 187)                 LD    R7 R7DATA
(3069) C1C0  1100000111000000 ( 188)                 RET   
(306A) 0000  0000000000000000 ( 192) R1DATA          .FILL x0000
(306B) 0000  0000000000000000 ( 193) R2DATA          .FILL x0000
(306C) 0000  0000000000000000 ( 194) R3DATA          .FILL x0000
(306D) 0000  0000000000000000 ( 195) R7DATA          .FILL x0000
(306E) 0045  0000000001000101 ( 196) ERROR           .FILL x0045
(306F) 0052  0000000001010010 ( 196)                 .FILL x0052
(3070) 0052  0000000001010010 ( 196)                 .FILL x0052
(3071) 004F  0000000001001111 ( 196)                 .FILL x004F
(3072) 0052  0000000001010010 ( 196)                 .FILL x0052
(3073) 000A  0000000000001010 ( 196)                 .FILL x000A
(3074) 0000  0000000000000000 ( 196)                 .FILL x0000
(3075) 0000  0000000000000000 ( 197) PROD            .FILL x0000
(3076) 0000  0000000000000000 ( 198) MD              .FILL x0000
(3077) 3E09  0011111000001001 ( 206) MOD             ST    R7 R7DATM
(3078) 14A0  0001010010100000 ( 207)                 ADD   R2 R2 #0
(3079) 0402  0000010000000010 ( 208)                 BRZ   HANDLE
(307A) 21FB  0010000111111011 ( 209)                 LD    R0 MD
(307B) C1C0  1100000111000000 ( 210)                 RET   
(307C) E1F1  1110000111110001 ( 212) HANDLE          LEA   R0 ERROR
(307D) F022  1111000000100010 ( 213)                 TRAP  x22
(307E) 5020  0101000000100000 ( 214)                 AND   R0 R0 #0
(307F) 2E01  0010111000000001 ( 215)                 LD    R7 R7DATM
(3080) C1C0  1100000111000000 ( 216)                 RET   
(3081) 0000  0000000000000000 ( 220) R7DATM          .FILL x0000
(3082) 303A  0011000000111010 ( 230) PRINT           ST    R0 PRINTr0
(3083) 3E3A  0011111000111010 ( 231)                 ST    R7 PRINTr7
(3084) 383A  0011100000111010 ( 232)                 ST    R4 PRINTr4
(3085) 1020  0001000000100000 ( 233)                 ADD   R0 R0 #0
(3086) 042D  0000010000101101 ( 234)                 BRZ   ZRO
(3087) 29EE  0010100111101110 ( 235)                 LD    R4 MD
(3088) 3841  0011100001000001 ( 236)                 ST    R4 MD2
(3089) 3236  0011001000110110 ( 237)                 ST    R1 R1DAT
(308A) 3436  0011010000110110 ( 238)                 ST    R2 R2DATP
(308B) 3636  0011011000110110 ( 239)                 ST    R3 R3DAT
(308C) 5260  0101001001100000 ( 240)                 AND   R1 R1 #0
(308D) 54A0  0101010010100000 ( 241)                 AND   R2 R2 #0
(308E) 14AA  0001010010101010 ( 242)                 ADD   R2 R2 #10
(308F) 56E0  0101011011100000 ( 243)                 AND   R3 R3 #0
(3090) 1240  0001001001000000 ( 244)                 ADD   R1 R1 R0
(3091) E637  1110011000110111 ( 245)                 LEA   R3 FAR
(3092) 16FF  0001011011111111 ( 246)                 ADD   R3 R3 #-1
(3093) 362F  0011011000101111 ( 247)                 ST    R3 POINTER
(3094) 1020  0001000000100000 ( 248)                 ADD   R0 R0 #0
(3095) 0819  0000100000011001 ( 249)                 BRN   FX
(3096) 1260  0001001001100000 ( 251) LPT             ADD   R1 R1 #0
(3097) 040A  0000010000001010 ( 252)                 BRZ   EXT
(3098) 4F92  0100111110010010 ( 253)                 JSR   DIV
(3099) 5260  0101001001100000 ( 254)                 AND   R1 R1 #0
(309A) 1201  0001001000000001 ( 255)                 ADD   R1 R0 R1
(309B) 21DA  0010000111011010 ( 256)                 LD    R0 MD
(309C) 482E  0100100000101110 ( 257)                 JSR   TODIGIT
(309D) B025  1011000000100101 ( 258)                 STI   R0 POINTER
(309E) 2624  0010011000100100 ( 259)                 LD    R3 POINTER
(309F) 16FF  0001011011111111 ( 260)                 ADD   R3 R3 #-1
(30A0) 3622  0011011000100010 ( 261)                 ST    R3 POINTER
(30A1) 0FF4  0000111111110100 ( 262)                 BRNZP LPT
(30A2) 2020  0010000000100000 ( 264) EXT             LD    R0 POINTER
(30A3) 1021  0001000000100001 ( 265)                 ADD   R0 R0 #1
(30A4) F022  1111000000100010 ( 266)                 TRAP  x22
(30A5) 2016  0010000000010110 ( 267)                 LD    R0 NEWLINE
(30A6) F021  1111000000100001 ( 268)                 TRAP  x21
(30A7) 2015  0010000000010101 ( 269)                 LD    R0 PRINTr0
(30A8) 2E15  0010111000010101 ( 270)                 LD    R7 PRINTr7
(30A9) 2216  0010001000010110 ( 271)                 LD    R1 R1DAT
(30AA) 2416  0010010000010110 ( 272)                 LD    R2 R2DATP
(30AB) 281E  0010100000011110 ( 273)                 LD    R4 MD2
(30AC) 39C9  0011100111001001 ( 274)                 ST    R4 MD
(30AD) 2811  0010100000010001 ( 275)                 LD    R4 PRINTr4
(30AE) C1C0  1100000111000000 ( 276)                 RET   
(30AF) 200B  0010000000001011 ( 278) FX              LD    R0 HYPHEN
(30B0) F021  1111000000100001 ( 279)                 TRAP  x21
(30B1) 927F  1001001001111111 ( 280)                 NOT   R1 R1
(30B2) 1261  0001001001100001 ( 281)                 ADD   R1 R1 #1
(30B3) 0FE2  0000111111100010 ( 282)                 BRNZP LPT
(30B4) 4816  0100100000010110 ( 284) ZRO             JSR   TODIGIT
(30B5) F021  1111000000100001 ( 285)                 TRAP  x21
(30B6) 2005  0010000000000101 ( 286)                 LD    R0 NEWLINE
(30B7) F021  1111000000100001 ( 287)                 TRAP  x21
(30B8) 2004  0010000000000100 ( 288)                 LD    R0 PRINTr0
(30B9) 2E04  0010111000000100 ( 289)                 LD    R7 PRINTr7
(30BA) C1C0  1100000111000000 ( 290)                 RET   
(30BB) 002D  0000000000101101 ( 293) HYPHEN          .FILL x002D
(30BC) 000A  0000000000001010 ( 294) NEWLINE         .FILL x000A
(30BD) 0000  0000000000000000 ( 295) PRINTr0         .FILL x0000
(30BE) 0000  0000000000000000 ( 296) PRINTr7         .FILL x0000
(30BF) 0000  0000000000000000 ( 297) PRINTr4         .FILL x0000
(30C0) 0000  0000000000000000 ( 298) R1DAT           .FILL x0000
(30C1) 0000  0000000000000000 ( 299) R2DATP          .FILL x0000
(30C2) 0000  0000000000000000 ( 300) R3DAT           .FILL x0000
(30C3) 0000  0000000000000000 ( 301) POINTER         .FILL x0000
(30C4) 0000  0000000000000000 ( 303)                 .FILL x0000
(30C5) 0000  0000000000000000 ( 303)                 .FILL x0000
(30C6) 0000  0000000000000000 ( 303)                 .FILL x0000
(30C7) 0000  0000000000000000 ( 303)                 .FILL x0000
(30C8) 0000  0000000000000000 ( 303)                 .FILL x0000
(30C9) 0000  0000000000000000 ( 303) FAR             .FILL x0000
(30CA) 0000  0000000000000000 ( 304) MD2             .FILL x0000
(30CB) 3205  0011001000000101 ( 311) TODIGIT         ST    R1 DIGITr1
(30CC) 2203  0010001000000011 ( 312)                 LD    R1 ASCII0
(30CD) 1001  0001000000000001 ( 313)                 ADD   R0 R0 R1
(30CE) 2202  0010001000000010 ( 314)                 LD    R1 DIGITr1
(30CF) C1C0  1100000111000000 ( 315)                 RET   
(30D0) 0030  0000000000110000 ( 318) ASCII0          .FILL x0030
(30D1) 0000  0000000000000000 ( 319) DIGITr1         .FILL x0000
(30D2) C1C0  1100000111000000 ( 331) POW             RET   
(30D3) C1C0  1100000111000000 ( 343) FACT            RET   
(30D4) 3E8F  0011111010001111 ( 367) TEST            ST    R7 TESTr7
(30D5) E08F  1110000010001111 ( 369)                 LEA   R0 START
(30D6) F022  1111000000100010 ( 370)                 TRAP  x22
(30D7) E0A9  1110000010101001 ( 373)                 LEA   R0 ADDTEST
(30D8) F022  1111000000100010 ( 374)                 TRAP  x22
(30D9) 24D6  0010010011010110 ( 376)                 LD    R2 ZERO
(30DA) 12A4  0001001010100100 ( 377)                 ADD   R1 R2 #4
(30DB) 14A5  0001010010100101 ( 378)                 ADD   R2 R2 #5
(30DC) 4F2C  0100111100101100 ( 379)                 JSR   PLUS
(30DD) 4FA4  0100111110100100 ( 380)                 JSR   PRINT
(30DE) 48D2  0100100011010010 ( 382)                 JSR   PAUSE
(30DF) E0A8  1110000010101000 ( 385)                 LEA   R0 SUBTEST
(30E0) F022  1111000000100010 ( 386)                 TRAP  x22
(30E1) 24CE  0010010011001110 ( 388)                 LD    R2 ZERO
(30E2) 12AC  0001001010101100 ( 389)                 ADD   R1 R2 #12
(30E3) 14A4  0001010010100100 ( 390)                 ADD   R2 R2 #4
(30E4) 4F26  0100111100100110 ( 391)                 JSR   SUB
(30E5) 4F9C  0100111110011100 ( 392)                 JSR   PRINT
(30E6) 24C9  0010010011001001 ( 394)                 LD    R2 ZERO
(30E7) 12B8  0001001010111000 ( 395)                 ADD   R1 R2 #-8
(30E8) 14A5  0001010010100101 ( 396)                 ADD   R2 R2 #5
(30E9) 4F21  0100111100100001 ( 397)                 JSR   SUB
(30EA) 4F97  0100111110010111 ( 398)                 JSR   PRINT
(30EB) 24C4  0010010011000100 ( 400)                 LD    R2 ZERO
(30EC) 12AA  0001001010101010 ( 401)                 ADD   R1 R2 #10
(30ED) 14BA  0001010010111010 ( 402)                 ADD   R2 R2 #-6
(30EE) 4F1C  0100111100011100 ( 403)                 JSR   SUB
(30EF) 4F92  0100111110010010 ( 404)                 JSR   PRINT
(30F0) 24BF  0010010010111111 ( 406)                 LD    R2 ZERO
(30F1) 12B7  0001001010110111 ( 407)                 ADD   R1 R2 #-9
(30F2) 14BD  0001010010111101 ( 408)                 ADD   R2 R2 #-3
(30F3) 4F17  0100111100010111 ( 409)                 JSR   SUB
(30F4) 4F8D  0100111110001101 ( 410)                 JSR   PRINT
(30F5) 48BB  0100100010111011 ( 412)                 JSR   PAUSE
(30F6) E097  1110000010010111 ( 415)                 LEA   R0 MULTEST
(30F7) F022  1111000000100010 ( 416)                 TRAP  x22
(30F8) 24B7  0010010010110111 ( 418)                 LD    R2 ZERO
(30F9) 12A8  0001001010101000 ( 419)                 ADD   R1 R2 #8
(30FA) 14A3  0001010010100011 ( 420)                 ADD   R2 R2 #3
(30FB) 4F13  0100111100010011 ( 421)                 JSR   MULT
(30FC) 4F85  0100111110000101 ( 422)                 JSR   PRINT
(30FD) 24B2  0010010010110010 ( 424)                 LD    R2 ZERO
(30FE) 12A4  0001001010100100 ( 425)                 ADD   R1 R2 #4
(30FF) 14BD  0001010010111101 ( 426)                 ADD   R2 R2 #-3
(3100) 4F0E  0100111100001110 ( 427)                 JSR   MULT
(3101) 4F80  0100111110000000 ( 428)                 JSR   PRINT
(3102) 24AD  0010010010101101 ( 430)                 LD    R2 ZERO
(3103) 12BE  0001001010111110 ( 431)                 ADD   R1 R2 #-2
(3104) 14A5  0001010010100101 ( 432)                 ADD   R2 R2 #5
(3105) 4F09  0100111100001001 ( 433)                 JSR   MULT
(3106) 4F7B  0100111101111011 ( 434)                 JSR   PRINT
(3107) 24A8  0010010010101000 ( 436)                 LD    R2 ZERO
(3108) 12BB  0001001010111011 ( 437)                 ADD   R1 R2 #-5
(3109) 14BA  0001010010111010 ( 438)                 ADD   R2 R2 #-6
(310A) 4F04  0100111100000100 ( 439)                 JSR   MULT
(310B) 4F76  0100111101110110 ( 440)                 JSR   PRINT
(310C) 24A3  0010010010100011 ( 442)                 LD    R2 ZERO
(310D) 12A0  0001001010100000 ( 443)                 ADD   R1 R2 #0
(310E) 14A3  0001010010100011 ( 444)                 ADD   R2 R2 #3
(310F) 4EFF  0100111011111111 ( 445)                 JSR   MULT
(3110) 4F71  0100111101110001 ( 446)                 JSR   PRINT
(3111) 249E  0010010010011110 ( 448)                 LD    R2 ZERO
(3112) 12A7  0001001010100111 ( 449)                 ADD   R1 R2 #7
(3113) 14A0  0001010010100000 ( 450)                 ADD   R2 R2 #0
(3114) 4EFA  0100111011111010 ( 451)                 JSR   MULT
(3115) 4F6C  0100111101101100 ( 452)                 JSR   PRINT
(3116) 2499  0010010010011001 ( 454)                 LD    R2 ZERO
(3117) 12A0  0001001010100000 ( 455)                 ADD   R1 R2 #0
(3118) 14A0  0001010010100000 ( 456)                 ADD   R2 R2 #0
(3119) 4EF5  0100111011110101 ( 457)                 JSR   MULT
(311A) 4F67  0100111101100111 ( 458)                 JSR   PRINT
(311B) 4895  0100100010010101 ( 460)                 JSR   PAUSE
(311C) E078  1110000001111000 ( 463)                 LEA   R0 DIVTEST
(311D) F022  1111000000100010 ( 464)                 TRAP  x22
(311E) 2491  0010010010010001 ( 466)                 LD    R2 ZERO
(311F) 12AB  0001001010101011 ( 467)                 ADD   R1 R2 #11
(3120) 14A4  0001010010100100 ( 468)                 ADD   R2 R2 #4
(3121) 4F09  0100111100001001 ( 469)                 JSR   DIV
(3122) 4F5F  0100111101011111 ( 470)                 JSR   PRINT
(3123) 4F53  0100111101010011 ( 471)                 JSR   MOD
(3124) 4F5D  0100111101011101 ( 472)                 JSR   PRINT
(3125) E088  1110000010001000 ( 474)                 LEA   R0 BLANK
(3126) F022  1111000000100010 ( 475)                 TRAP  x22
(3127) 2488  0010010010001000 ( 477)                 LD    R2 ZERO
(3128) 12B4  0001001010110100 ( 478)                 ADD   R1 R2 #-12
(3129) 14A4  0001010010100100 ( 479)                 ADD   R2 R2 #4
(312A) 4F00  0100111100000000 ( 480)                 JSR   DIV
(312B) 4F56  0100111101010110 ( 481)                 JSR   PRINT
(312C) 4F4A  0100111101001010 ( 482)                 JSR   MOD
(312D) 4F54  0100111101010100 ( 483)                 JSR   PRINT
(312E) E07F  1110000001111111 ( 485)                 LEA   R0 BLANK
(312F) F022  1111000000100010 ( 486)                 TRAP  x22
(3130) 247F  0010010001111111 ( 488)                 LD    R2 ZERO
(3131) 12AD  0001001010101101 ( 489)                 ADD   R1 R2 #13
(3132) 14BE  0001010010111110 ( 490)                 ADD   R2 R2 #-2
(3133) 4EF7  0100111011110111 ( 491)                 JSR   DIV
(3134) 4F4D  0100111101001101 ( 492)                 JSR   PRINT
(3135) 4F41  0100111101000001 ( 493)                 JSR   MOD
(3136) 4F4B  0100111101001011 ( 494)                 JSR   PRINT
(3137) E076  1110000001110110 ( 496)                 LEA   R0 BLANK
(3138) F022  1111000000100010 ( 497)                 TRAP  x22
(3139) 2476  0010010001110110 ( 499)                 LD    R2 ZERO
(313A) 12B7  0001001010110111 ( 500)                 ADD   R1 R2 #-9
(313B) 14BC  0001010010111100 ( 501)                 ADD   R2 R2 #-4
(313C) 4EEE  0100111011101110 ( 502)                 JSR   DIV
(313D) 4F44  0100111101000100 ( 503)                 JSR   PRINT
(313E) 4F38  0100111100111000 ( 504)                 JSR   MOD
(313F) 4F42  0100111101000010 ( 505)                 JSR   PRINT
(3140) E06D  1110000001101101 ( 507)                 LEA   R0 BLANK
(3141) F022  1111000000100010 ( 508)                 TRAP  x22
(3142) 246D  0010010001101101 ( 510)                 LD    R2 ZERO
(3143) 12A0  0001001010100000 ( 511)                 ADD   R1 R2 #0
(3144) 14A4  0001010010100100 ( 512)                 ADD   R2 R2 #4
(3145) 4EE5  0100111011100101 ( 513)                 JSR   DIV
(3146) 4F3B  0100111100111011 ( 514)                 JSR   PRINT
(3147) 4F2F  0100111100101111 ( 515)                 JSR   MOD
(3148) 4F39  0100111100111001 ( 516)                 JSR   PRINT
(3149) E064  1110000001100100 ( 518)                 LEA   R0 BLANK
(314A) F022  1111000000100010 ( 519)                 TRAP  x22
(314B) 2464  0010010001100100 ( 521)                 LD    R2 ZERO
(314C) 12AB  0001001010101011 ( 522)                 ADD   R1 R2 #11
(314D) 14A0  0001010010100000 ( 523)                 ADD   R2 R2 #0
(314E) 4EDC  0100111011011100 ( 524)                 JSR   DIV
(314F) 4F32  0100111100110010 ( 525)                 JSR   PRINT
(3150) 4F26  0100111100100110 ( 526)                 JSR   MOD
(3151) 4F30  0100111100110000 ( 527)                 JSR   PRINT
(3152) 485E  0100100001011110 ( 529)                 JSR   PAUSE
(3153) E04D  1110000001001101 ( 532)                 LEA   R0 POWTEST
(3154) F022  1111000000100010 ( 533)                 TRAP  x22
(3155) 245A  0010010001011010 ( 535)                 LD    R2 ZERO
(3156) 12A3  0001001010100011 ( 536)                 ADD   R1 R2 #3
(3157) 14A5  0001010010100101 ( 537)                 ADD   R2 R2 #5
(3158) 4F79  0100111101111001 ( 538)                 JSR   POW
(3159) 4F28  0100111100101000 ( 539)                 JSR   PRINT
(315A) 4856  0100100001010110 ( 541)                 JSR   PAUSE
(315B) E04B  1110000001001011 ( 544)                 LEA   R0 FACTEST
(315C) F022  1111000000100010 ( 545)                 TRAP  x22
(315D) 2252  0010001001010010 ( 547)                 LD    R1 ZERO
(315E) 1267  0001001001100111 ( 548)                 ADD   R1 R1 #7
(315F) 4F73  0100111101110011 ( 549)                 JSR   FACT
(3160) 4F21  0100111100100001 ( 550)                 JSR   PRINT
(3161) 484F  0100100001001111 ( 552)                 JSR   PAUSE
(3162) 2E01  0010111000000001 ( 555)                 LD    R7 TESTr7
(3163) C1C0  1100000111000000 ( 556)                 RET   
(3164) 0000  0000000000000000 ( 559) TESTr7          .FILL x0000
(3165) 003D  0000000000111101 ( 560) START           .FILL x003D
(3166) 003D  0000000000111101 ( 560)                 .FILL x003D
(3167) 003D  0000000000111101 ( 560)                 .FILL x003D
(3168) 003D  0000000000111101 ( 560)                 .FILL x003D
(3169) 003D  0000000000111101 ( 560)                 .FILL x003D
(316A) 0020  0000000000100000 ( 560)                 .FILL x0020
(316B) 0053  0000000001010011 ( 560)                 .FILL x0053
(316C) 0054  0000000001010100 ( 560)                 .FILL x0054
(316D) 0041  0000000001000001 ( 560)                 .FILL x0041
(316E) 0052  0000000001010010 ( 560)                 .FILL x0052
(316F) 0054  0000000001010100 ( 560)                 .FILL x0054
(3170) 0020  0000000000100000 ( 560)                 .FILL x0020
(3171) 004F  0000000001001111 ( 560)                 .FILL x004F
(3172) 0046  0000000001000110 ( 560)                 .FILL x0046
(3173) 0020  0000000000100000 ( 560)                 .FILL x0020
(3174) 0054  0000000001010100 ( 560)                 .FILL x0054
(3175) 0045  0000000001000101 ( 560)                 .FILL x0045
(3176) 0053  0000000001010011 ( 560)                 .FILL x0053
(3177) 0054  0000000001010100 ( 560)                 .FILL x0054
(3178) 0053  0000000001010011 ( 560)                 .FILL x0053
(3179) 0020  0000000000100000 ( 560)                 .FILL x0020
(317A) 003D  0000000000111101 ( 560)                 .FILL x003D
(317B) 003D  0000000000111101 ( 560)                 .FILL x003D
(317C) 003D  0000000000111101 ( 560)                 .FILL x003D
(317D) 003D  0000000000111101 ( 560)                 .FILL x003D
(317E) 003D  0000000000111101 ( 560)                 .FILL x003D
(317F) 000A  0000000000001010 ( 560)                 .FILL x000A
(3180) 0000  0000000000000000 ( 560)                 .FILL x0000
(3181) 0050  0000000001010000 ( 561) ADDTEST         .FILL x0050
(3182) 004C  0000000001001100 ( 561)                 .FILL x004C
(3183) 0055  0000000001010101 ( 561)                 .FILL x0055
(3184) 0053  0000000001010011 ( 561)                 .FILL x0053
(3185) 003A  0000000000111010 ( 561)                 .FILL x003A
(3186) 000A  0000000000001010 ( 561)                 .FILL x000A
(3187) 0000  0000000000000000 ( 561)                 .FILL x0000
(3188) 0053  0000000001010011 ( 562) SUBTEST         .FILL x0053
(3189) 0055  0000000001010101 ( 562)                 .FILL x0055
(318A) 0042  0000000001000010 ( 562)                 .FILL x0042
(318B) 003A  0000000000111010 ( 562)                 .FILL x003A
(318C) 000A  0000000000001010 ( 562)                 .FILL x000A
(318D) 0000  0000000000000000 ( 562)                 .FILL x0000
(318E) 004D  0000000001001101 ( 563) MULTEST         .FILL x004D
(318F) 0055  0000000001010101 ( 563)                 .FILL x0055
(3190) 004C  0000000001001100 ( 563)                 .FILL x004C
(3191) 0054  0000000001010100 ( 563)                 .FILL x0054
(3192) 003A  0000000000111010 ( 563)                 .FILL x003A
(3193) 000A  0000000000001010 ( 563)                 .FILL x000A
(3194) 0000  0000000000000000 ( 563)                 .FILL x0000
(3195) 0044  0000000001000100 ( 564) DIVTEST         .FILL x0044
(3196) 0049  0000000001001001 ( 564)                 .FILL x0049
(3197) 0056  0000000001010110 ( 564)                 .FILL x0056
(3198) 0020  0000000000100000 ( 564)                 .FILL x0020
(3199) 0026  0000000000100110 ( 564)                 .FILL x0026
(319A) 0020  0000000000100000 ( 564)                 .FILL x0020
(319B) 004D  0000000001001101 ( 564)                 .FILL x004D
(319C) 004F  0000000001001111 ( 564)                 .FILL x004F
(319D) 0044  0000000001000100 ( 564)                 .FILL x0044
(319E) 003A  0000000000111010 ( 564)                 .FILL x003A
(319F) 000A  0000000000001010 ( 564)                 .FILL x000A
(31A0) 0000  0000000000000000 ( 564)                 .FILL x0000
(31A1) 0050  0000000001010000 ( 565) POWTEST         .FILL x0050
(31A2) 004F  0000000001001111 ( 565)                 .FILL x004F
(31A3) 0057  0000000001010111 ( 565)                 .FILL x0057
(31A4) 003A  0000000000111010 ( 565)                 .FILL x003A
(31A5) 000A  0000000000001010 ( 565)                 .FILL x000A
(31A6) 0000  0000000000000000 ( 565)                 .FILL x0000
(31A7) 0046  0000000001000110 ( 566) FACTEST         .FILL x0046
(31A8) 0041  0000000001000001 ( 566)                 .FILL x0041
(31A9) 0043  0000000001000011 ( 566)                 .FILL x0043
(31AA) 0054  0000000001010100 ( 566)                 .FILL x0054
(31AB) 003A  0000000000111010 ( 566)                 .FILL x003A
(31AC) 000A  0000000000001010 ( 566)                 .FILL x000A
(31AD) 0000  0000000000000000 ( 566)                 .FILL x0000
(31AE) 000A  0000000000001010 ( 567) BLANK           .FILL x000A
(31AF) 0000  0000000000000000 ( 567)                 .FILL x0000
(31B0) 0000  0000000000000000 ( 568) ZERO            .FILL x0000
(31B1) 3007  0011000000000111 ( 573) PAUSE           ST    R0 PAUSEr0
(31B2) 3E07  0011111000000111 ( 574)                 ST    R7 PAUSEr7
(31B3) E007  1110000000000111 ( 575)                 LEA   R0 CONTMSG
(31B4) F022  1111000000100010 ( 576)                 TRAP  x22
(31B5) F020  1111000000100000 ( 577)                 TRAP  x20
(31B6) 2E03  0010111000000011 ( 578)                 LD    R7 PAUSEr7
(31B7) 2001  0010000000000001 ( 579)                 LD    R0 PAUSEr0
(31B8) C1C0  1100000111000000 ( 580)                 RET   
(31B9) 0000  0000000000000000 ( 582) PAUSEr0         .FILL x0000
(31BA) 0000  0000000000000000 ( 583) PAUSEr7         .FILL x0000
(31BB) 002D  0000000000101101 ( 584) CONTMSG         .FILL x002D
(31BC) 002D  0000000000101101 ( 584)                 .FILL x002D
(31BD) 002D  0000000000101101 ( 584)                 .FILL x002D
(31BE) 002D  0000000000101101 ( 584)                 .FILL x002D
(31BF) 002D  0000000000101101 ( 584)                 .FILL x002D
(31C0) 0020  0000000000100000 ( 584)                 .FILL x0020
(31C1) 0050  0000000001010000 ( 584)                 .FILL x0050
(31C2) 0072  0000000001110010 ( 584)                 .FILL x0072
(31C3) 0065  0000000001100101 ( 584)                 .FILL x0065
(31C4) 0073  0000000001110011 ( 584)                 .FILL x0073
(31C5) 0073  0000000001110011 ( 584)                 .FILL x0073
(31C6) 0020  0000000000100000 ( 584)                 .FILL x0020
(31C7) 005B  0000000001011011 ( 584)                 .FILL x005B
(31C8) 0053  0000000001010011 ( 584)                 .FILL x0053
(31C9) 0050  0000000001010000 ( 584)                 .FILL x0050
(31CA) 0041  0000000001000001 ( 584)                 .FILL x0041
(31CB) 0043  0000000001000011 ( 584)                 .FILL x0043
(31CC) 0045  0000000001000101 ( 584)                 .FILL x0045
(31CD) 005D  0000000001011101 ( 584)                 .FILL x005D
(31CE) 0020  0000000000100000 ( 584)                 .FILL x0020
(31CF) 0066  0000000001100110 ( 584)                 .FILL x0066
(31D0) 006F  0000000001101111 ( 584)                 .FILL x006F
(31D1) 0072  0000000001110010 ( 584)                 .FILL x0072
(31D2) 0020  0000000000100000 ( 584)                 .FILL x0020
(31D3) 0074  0000000001110100 ( 584)                 .FILL x0074
(31D4) 0068  0000000001101000 ( 584)                 .FILL x0068
(31D5) 0065  0000000001100101 ( 584)                 .FILL x0065
(31D6) 0020  0000000000100000 ( 584)                 .FILL x0020
(31D7) 006E  0000000001101110 ( 584)                 .FILL x006E
(31D8) 0065  0000000001100101 ( 584)                 .FILL x0065
(31D9) 0078  0000000001111000 ( 584)                 .FILL x0078
(31DA) 0074  0000000001110100 ( 584)                 .FILL x0074
(31DB) 0020  0000000000100000 ( 584)                 .FILL x0020
(31DC) 0074  0000000001110100 ( 584)                 .FILL x0074
(31DD) 0065  0000000001100101 ( 584)                 .FILL x0065
(31DE) 0073  0000000001110011 ( 584)                 .FILL x0073
(31DF) 0074  0000000001110100 ( 584)                 .FILL x0074
(31E0) 0020  0000000000100000 ( 584)                 .FILL x0020
(31E1) 002D  0000000000101101 ( 584)                 .FILL x002D
(31E2) 002D  0000000000101101 ( 584)                 .FILL x002D
(31E3) 002D  0000000000101101 ( 584)                 .FILL x002D
(31E4) 002D  0000000000101101 ( 584)                 .FILL x002D
(31E5) 002D  0000000000101101 ( 584)                 .FILL x002D
(31E6) 000A  0000000000001010 ( 584)                 .FILL x000A
(31E7) 0000  0000000000000000 ( 584)                 .FILL x0000
(31E8) E005  1110000000000101 ( 589) STOP            LEA   R0 END
(31E9) F022  1111000000100010 ( 590)                 TRAP  x22
(31EA) 5020  0101000000100000 ( 591)                 AND   R0 R0 #0
(31EB) 2201  0010001000000001 ( 592)                 LD    R1 STATUS
(31EC) 7040  0111000001000000 ( 593)                 STR   R0 R1 #0
(31ED) FFFE  1111111111111110 ( 595) STATUS          .FILL xFFFE
(31EE) 003D  0000000000111101 ( 596) END             .FILL x003D
(31EF) 003D  0000000000111101 ( 596)                 .FILL x003D
(31F0) 003D  0000000000111101 ( 596)                 .FILL x003D
(31F1) 003D  0000000000111101 ( 596)                 .FILL x003D
(31F2) 003D  0000000000111101 ( 596)                 .FILL x003D
(31F3) 003D  0000000000111101 ( 596)                 .FILL x003D
(31F4) 0020  0000000000100000 ( 596)                 .FILL x0020
(31F5) 0045  0000000001000101 ( 596)                 .FILL x0045
(31F6) 004E  0000000001001110 ( 596)                 .FILL x004E
(31F7) 0044  0000000001000100 ( 596)                 .FILL x0044
(31F8) 0020  0000000000100000 ( 596)                 .FILL x0020
(31F9) 004F  0000000001001111 ( 596)                 .FILL x004F
(31FA) 0046  0000000001000110 ( 596)                 .FILL x0046
(31FB) 0020  0000000000100000 ( 596)                 .FILL x0020
(31FC) 0054  0000000001010100 ( 596)                 .FILL x0054
(31FD) 0045  0000000001000101 ( 596)                 .FILL x0045
(31FE) 0053  0000000001010011 ( 596)                 .FILL x0053
(31FF) 0054  0000000001010100 ( 596)                 .FILL x0054
(3200) 0053  0000000001010011 ( 596)                 .FILL x0053
(3201) 0020  0000000000100000 ( 596)                 .FILL x0020
(3202) 003D  0000000000111101 ( 596)                 .FILL x003D
(3203) 003D  0000000000111101 ( 596)                 .FILL x003D
(3204) 003D  0000000000111101 ( 596)                 .FILL x003D
(3205) 003D  0000000000111101 ( 596)                 .FILL x003D
(3206) 003D  0000000000111101 ( 596)                 .FILL x003D
(3207) 003D  0000000000111101 ( 596)                 .FILL x003D
(3208) 000A  0000000000001010 ( 596)                 .FILL x000A
(3209) 0000  0000000000000000 ( 596)                 .FILL x0000
