200125 135038.598|CONFIG|AWT-EventQueue-0|setFileHandlers|Now logging to C:\Users\mihir\Documents\NetBeansProjects\RRUIL\logs directory.
200125 135038.598|INFO|AWT-EventQueue-0|info|
200125 135038.598|INFO|AWT-EventQueue-0|info|Version 9.6.0 () Java ver 11.0.5 build 5102 Windows 10 10.0 (amd64) 
200125 135038.598|INFO|AWT-EventQueue-0|info|Login: team141 (aka team141)
200125 135038.598|INFO|AWT-EventQueue-0|startLog|Working directory is C:\Users\mihir\Documents\NetBeansProjects\RRUIL
200125 135038.598|INFO|AWT-EventQueue-0|startLog|Process id is 13356@DESKTOP-QMOU7GI
200125 135038.598|INFO|AWT-EventQueue-0|info|Contacting server at 192.168.1.42:50002 as TEAM141 @ site 0
200125 135038.598|INFO|AWT-EventQueue-0|info|sendLoginRequest start - sending from TEAM141 @ site 0
200125 135038.598|INFO|AWT-EventQueue-0|sendToLocalServer|Sending packet to server Packet[LOGIN_REQUEST] #1 TEAM141 @ site 0 -> SERVER0 @ site 0
200125 135038.598|INFO|Thread-1|run|send(Serializable)
200125 135038.598|INFO|AWT-EventQueue-0|sendToLocalServer|Sent    packet to server Packet[LOGIN_REQUEST] #1 TEAM141 @ site 0 -> SERVER0 @ site 0
200125 135038.598|INFO|AWT-EventQueue-0|info|sendLoginRequest end - packet sent.
200125 135038.738|INFO|Thread-0|receive|public void receive(SealedObject TransportPacket, ConnectionHandlerID connectionHandlerID)
200125 135038.818|INFO|Thread-2|info| receiveObject(S) start got Packet[LOGIN_SUCCESS] #56 SERVER0 @ site 1 -> TEAM141 @ site 1
200125 135038.818|INFO|Thread-2|dumpPacket|Packet LOGIN_SUCCESS (Seq #56, o#56 ) recieveObject
200125 135038.818|INFO|Thread-2|dumpPacket|  From: SERVER0 @ site 1, oSERVER0 @ site 1 (LAPTOP-MORBFQOT @ 192.168.1.42) (Contest Id: Default-5306661937380324558)
200125 135038.818|INFO|Thread-2|dumpPacket|    To: TEAM141 @ site 1
200125 135038.818|INFO|Thread-2|dumpPacket|   key: PROFILE_LIST is: [Ledu.csus.ecs.pc2.core.model.Profile; [Ledu.csus.ecs.pc2.core.model.Profile;@a4f2332
200125 135038.818|INFO|Thread-2|dumpPacket|   key: GENERAL_PROBLEM is: edu.csus.ecs.pc2.core.model.Problem General
200125 135038.818|INFO|Thread-2|dumpPacket|   key: CLIENT_SETTINGS_LIST is: [Ledu.csus.ecs.pc2.core.model.ClientSettings; [Ledu.csus.ecs.pc2.core.model.ClientSettings;@488dc0b
200125 135038.818|INFO|Thread-2|dumpPacket|   key: CONTEST_TIME is: edu.csus.ecs.pc2.core.model.ContestTime edu.csus.ecs.pc2.core.model.ContestTime@b74842
200125 135038.818|INFO|Thread-2|dumpPacket|   key: CLARIFICATION_LIST is: [Ledu.csus.ecs.pc2.core.model.Clarification; [Ledu.csus.ecs.pc2.core.model.Clarification;@45b5d630
200125 135038.818|INFO|Thread-2|dumpPacket|   key: CATEGORY_LIST is: [Ledu.csus.ecs.pc2.core.model.Category; [Ledu.csus.ecs.pc2.core.model.Category;@36902b07
200125 135038.818|INFO|Thread-2|dumpPacket|   key: LANGUAGE_LIST is: [Ledu.csus.ecs.pc2.core.model.Language; [Ledu.csus.ecs.pc2.core.model.Language;@743ad15a
200125 135038.818|INFO|Thread-2|dumpPacket|   key: REMOTE_LOGGED_IN_USERS is: [Ledu.csus.ecs.pc2.core.model.ClientId; [Ledu.csus.ecs.pc2.core.model.ClientId;@4ef572c7
200125 135038.818|INFO|Thread-2|dumpPacket|   key: CONTEST_TIME_LIST is: [Ledu.csus.ecs.pc2.core.model.ContestTime; [Ledu.csus.ecs.pc2.core.model.ContestTime;@259a297f
200125 135038.818|INFO|Thread-2|dumpPacket|   key: CONNECTION_HANDLE_ID_LIST is: [Ledu.csus.ecs.pc2.core.transport.ConnectionHandlerID; [Ledu.csus.ecs.pc2.core.transport.ConnectionHandlerID;@1265f6d8
200125 135038.818|INFO|Thread-2|dumpPacket|   key: PROFILE is: edu.csus.ecs.pc2.core.model.Profile Default-5306661937380324558
200125 135038.818|INFO|Thread-2|dumpPacket|   key: CLIENT_ID is: edu.csus.ecs.pc2.core.model.ClientId TEAM141 @ site 1
200125 135038.818|INFO|Thread-2|dumpPacket|   key: SITE_NUMBER is: java.lang.Integer 1
200125 135038.818|INFO|Thread-2|dumpPacket|   key: CONTEST_INFORMATION is: edu.csus.ecs.pc2.core.model.ContestInformation edu.csus.ecs.pc2.core.model.ContestInformation@307745cf
200125 135038.818|INFO|Thread-2|dumpPacket|   key: SITE_LIST is: [Ledu.csus.ecs.pc2.core.model.Site; [Ledu.csus.ecs.pc2.core.model.Site;@55f17a4c
200125 135038.818|INFO|Thread-2|dumpPacket|   key: PROBLEM_DATA_FILES is: [Ledu.csus.ecs.pc2.core.model.ProblemDataFiles; [Ledu.csus.ecs.pc2.core.model.ProblemDataFiles;@21d4705c
200125 135038.818|INFO|Thread-2|dumpPacket|   key: JUDGEMENT_LIST is: [Ledu.csus.ecs.pc2.core.model.Judgement; [Ledu.csus.ecs.pc2.core.model.Judgement;@1c3a8188
200125 135038.818|INFO|Thread-2|dumpPacket|   key: PROBLEM_LIST is: [Ledu.csus.ecs.pc2.core.model.Problem; [Ledu.csus.ecs.pc2.core.model.Problem;@1669f6fd
200125 135038.818|INFO|Thread-2|dumpPacket|   key: GROUP_LIST is: [Ledu.csus.ecs.pc2.core.model.Group; [Ledu.csus.ecs.pc2.core.model.Group;@4894dd66
200125 135038.818|INFO|Thread-2|dumpPacket|   key: LOCAL_LOGGED_IN_USERS is: [Ledu.csus.ecs.pc2.core.model.ClientId; [Ledu.csus.ecs.pc2.core.model.ClientId;@4ac012b8
200125 135038.818|INFO|Thread-2|dumpPacket|   key: SERVER_CLOCK_OFFSET is: java.util.GregorianCalendar java.util.GregorianCalendar[time=1579981864931,areFieldsSet=true,areAllFieldsSet=false,lenient=true,zone=sun.util.calendar.ZoneInfo[id="GMT",offset=0,dstSavings=0,useDaylight=false,transitions=0,lastRule=null],firstDayOfWeek=1,minimalDaysInFirstWeek=1,ERA=1,YEAR=2020,MONTH=0,WEEK_OF_YEAR=4,WEEK_OF_MONTH=4,DAY_OF_MONTH=25,DAY_OF_YEAR=25,DAY_OF_WEEK=7,DAY_OF_WEEK_IN_MONTH=4,AM_PM=1,HOUR=7,HOUR_OF_DAY=19,MINUTE=51,SECOND=4,MILLISECOND=931,ZONE_OFFSET=0,DST_OFFSET=0]
200125 135038.818|INFO|Thread-2|dumpPacket|   key: CONTEST_IDENTIFIER is: java.lang.String Default-5306661937380324558
200125 135038.818|INFO|Thread-2|dumpPacket|   key: BALLOON_SETTINGS_LIST is: [Ledu.csus.ecs.pc2.core.model.BalloonSettings; [Ledu.csus.ecs.pc2.core.model.BalloonSettings;@2beeca9
200125 135038.818|INFO|Thread-2|dumpPacket|   key: RUN_LIST is: [Ledu.csus.ecs.pc2.core.model.Run; [Ledu.csus.ecs.pc2.core.model.Run;@5bb92c1d
200125 135038.818|INFO|Thread-2|dumpPacket|   key: ACCOUNT_ARRAY is: [Ledu.csus.ecs.pc2.core.model.Account; [Ledu.csus.ecs.pc2.core.model.Account;@3528a5e1
200125 135038.818|INFO|Thread-2|info|handlePacket start Packet[LOGIN_SUCCESS] #56 SERVER0 @ site 1 -> TEAM141 @ site 1
200125 135038.834|INFO|Thread-2|dumpPacket|Packet LOGIN_SUCCESS (Seq #56, o#56 ) handlePacket
200125 135038.834|INFO|Thread-2|dumpPacket|  From: SERVER0 @ site 1, oSERVER0 @ site 1 (LAPTOP-MORBFQOT @ 192.168.1.42) (Contest Id: Default-5306661937380324558)
200125 135038.834|INFO|Thread-2|dumpPacket|    To: TEAM141 @ site 1
200125 135038.834|INFO|Thread-2|dumpPacket|   key: PROFILE_LIST is: [Ledu.csus.ecs.pc2.core.model.Profile; [Ledu.csus.ecs.pc2.core.model.Profile;@a4f2332
200125 135038.834|INFO|Thread-2|dumpPacket|   key: GENERAL_PROBLEM is: edu.csus.ecs.pc2.core.model.Problem General
200125 135038.834|INFO|Thread-2|dumpPacket|   key: CLIENT_SETTINGS_LIST is: [Ledu.csus.ecs.pc2.core.model.ClientSettings; [Ledu.csus.ecs.pc2.core.model.ClientSettings;@488dc0b
200125 135038.834|INFO|Thread-2|dumpPacket|   key: CONTEST_TIME is: edu.csus.ecs.pc2.core.model.ContestTime edu.csus.ecs.pc2.core.model.ContestTime@b74842
200125 135038.834|INFO|Thread-2|dumpPacket|   key: CLARIFICATION_LIST is: [Ledu.csus.ecs.pc2.core.model.Clarification; [Ledu.csus.ecs.pc2.core.model.Clarification;@45b5d630
200125 135038.834|INFO|Thread-2|dumpPacket|   key: CATEGORY_LIST is: [Ledu.csus.ecs.pc2.core.model.Category; [Ledu.csus.ecs.pc2.core.model.Category;@36902b07
200125 135038.834|INFO|Thread-2|dumpPacket|   key: LANGUAGE_LIST is: [Ledu.csus.ecs.pc2.core.model.Language; [Ledu.csus.ecs.pc2.core.model.Language;@743ad15a
200125 135038.834|INFO|Thread-2|dumpPacket|   key: REMOTE_LOGGED_IN_USERS is: [Ledu.csus.ecs.pc2.core.model.ClientId; [Ledu.csus.ecs.pc2.core.model.ClientId;@4ef572c7
200125 135038.834|INFO|Thread-2|dumpPacket|   key: CONTEST_TIME_LIST is: [Ledu.csus.ecs.pc2.core.model.ContestTime; [Ledu.csus.ecs.pc2.core.model.ContestTime;@259a297f
200125 135038.834|INFO|Thread-2|dumpPacket|   key: CONNECTION_HANDLE_ID_LIST is: [Ledu.csus.ecs.pc2.core.transport.ConnectionHandlerID; [Ledu.csus.ecs.pc2.core.transport.ConnectionHandlerID;@1265f6d8
200125 135038.834|INFO|Thread-2|dumpPacket|   key: PROFILE is: edu.csus.ecs.pc2.core.model.Profile Default-5306661937380324558
200125 135038.834|INFO|Thread-2|dumpPacket|   key: CLIENT_ID is: edu.csus.ecs.pc2.core.model.ClientId TEAM141 @ site 1
200125 135038.834|INFO|Thread-2|dumpPacket|   key: SITE_NUMBER is: java.lang.Integer 1
200125 135038.834|INFO|Thread-2|dumpPacket|   key: CONTEST_INFORMATION is: edu.csus.ecs.pc2.core.model.ContestInformation edu.csus.ecs.pc2.core.model.ContestInformation@307745cf
200125 135038.834|INFO|Thread-2|dumpPacket|   key: SITE_LIST is: [Ledu.csus.ecs.pc2.core.model.Site; [Ledu.csus.ecs.pc2.core.model.Site;@55f17a4c
200125 135038.834|INFO|Thread-2|dumpPacket|   key: PROBLEM_DATA_FILES is: [Ledu.csus.ecs.pc2.core.model.ProblemDataFiles; [Ledu.csus.ecs.pc2.core.model.ProblemDataFiles;@21d4705c
200125 135038.834|INFO|Thread-2|dumpPacket|   key: JUDGEMENT_LIST is: [Ledu.csus.ecs.pc2.core.model.Judgement; [Ledu.csus.ecs.pc2.core.model.Judgement;@1c3a8188
200125 135038.834|INFO|Thread-2|dumpPacket|   key: PROBLEM_LIST is: [Ledu.csus.ecs.pc2.core.model.Problem; [Ledu.csus.ecs.pc2.core.model.Problem;@1669f6fd
200125 135038.834|INFO|Thread-2|dumpPacket|   key: GROUP_LIST is: [Ledu.csus.ecs.pc2.core.model.Group; [Ledu.csus.ecs.pc2.core.model.Group;@4894dd66
200125 135038.834|INFO|Thread-2|dumpPacket|   key: LOCAL_LOGGED_IN_USERS is: [Ledu.csus.ecs.pc2.core.model.ClientId; [Ledu.csus.ecs.pc2.core.model.ClientId;@4ac012b8
200125 135038.834|INFO|Thread-2|dumpPacket|   key: SERVER_CLOCK_OFFSET is: java.util.GregorianCalendar java.util.GregorianCalendar[time=1579981864931,areFieldsSet=true,areAllFieldsSet=false,lenient=true,zone=sun.util.calendar.ZoneInfo[id="GMT",offset=0,dstSavings=0,useDaylight=false,transitions=0,lastRule=null],firstDayOfWeek=1,minimalDaysInFirstWeek=1,ERA=1,YEAR=2020,MONTH=0,WEEK_OF_YEAR=4,WEEK_OF_MONTH=4,DAY_OF_MONTH=25,DAY_OF_YEAR=25,DAY_OF_WEEK=7,DAY_OF_WEEK_IN_MONTH=4,AM_PM=1,HOUR=7,HOUR_OF_DAY=19,MINUTE=51,SECOND=4,MILLISECOND=931,ZONE_OFFSET=0,DST_OFFSET=0]
200125 135038.834|INFO|Thread-2|dumpPacket|   key: CONTEST_IDENTIFIER is: java.lang.String Default-5306661937380324558
200125 135038.834|INFO|Thread-2|dumpPacket|   key: BALLOON_SETTINGS_LIST is: [Ledu.csus.ecs.pc2.core.model.BalloonSettings; [Ledu.csus.ecs.pc2.core.model.BalloonSettings;@2beeca9
200125 135038.834|INFO|Thread-2|dumpPacket|   key: RUN_LIST is: [Ledu.csus.ecs.pc2.core.model.Run; [Ledu.csus.ecs.pc2.core.model.Run;@5bb92c1d
200125 135038.834|INFO|Thread-2|dumpPacket|   key: ACCOUNT_ARRAY is: [Ledu.csus.ecs.pc2.core.model.Account; [Ledu.csus.ecs.pc2.core.model.Account;@3528a5e1
200125 140504.623|INFO|Thread-0|receive|public void receive(SealedObject TransportPacket, ConnectionHandlerID connectionHandlerID)
200125 141321.915|INFO|Thread-0|receive|public void receive(SealedObject TransportPacket, ConnectionHandlerID connectionHandlerID)
200125 141336.241|INFO|Thread-0|receive|public void receive(SealedObject TransportPacket, ConnectionHandlerID connectionHandlerID)
200125 141347.466|INFO|Thread-0|receive|public void receive(SealedObject TransportPacket, ConnectionHandlerID connectionHandlerID)
200125 141404.508|INFO|Thread-0|receive|public void receive(SealedObject TransportPacket, ConnectionHandlerID connectionHandlerID)
200125 141413.749|INFO|Thread-0|receive|public void receive(SealedObject TransportPacket, ConnectionHandlerID connectionHandlerID)
200125 141431.498|INFO|Thread-0|receive|public void receive(SealedObject TransportPacket, ConnectionHandlerID connectionHandlerID)
200125 141439.182|INFO|Thread-0|receive|public void receive(SealedObject TransportPacket, ConnectionHandlerID connectionHandlerID)
200125 141450.778|INFO|Thread-0|receive|public void receive(SealedObject TransportPacket, ConnectionHandlerID connectionHandlerID)
200125 141503.694|INFO|Thread-0|receive|public void receive(SealedObject TransportPacket, ConnectionHandlerID connectionHandlerID)
200125 141511.752|INFO|Thread-0|receive|public void receive(SealedObject TransportPacket, ConnectionHandlerID connectionHandlerID)
200125 141519.784|INFO|Thread-0|receive|public void receive(SealedObject TransportPacket, ConnectionHandlerID connectionHandlerID)
200125 141528.549|INFO|Thread-0|receive|public void receive(SealedObject TransportPacket, ConnectionHandlerID connectionHandlerID)
200125 142600.954|INFO|Thread-16|run|send(Serializable)
200125 142601.063|INFO|Thread-0|receive|public void receive(SealedObject TransportPacket, ConnectionHandlerID connectionHandlerID)
200125 142641.459|INFO|Thread-18|run|send(Serializable)
200125 142641.585|INFO|Thread-0|receive|public void receive(SealedObject TransportPacket, ConnectionHandlerID connectionHandlerID)
200125 142711.617|INFO|Thread-20|run|send(Serializable)
200125 142711.760|INFO|Thread-0|receive|public void receive(SealedObject TransportPacket, ConnectionHandlerID connectionHandlerID)
200125 143009.622|INFO|Thread-0|receive|public void receive(SealedObject TransportPacket, ConnectionHandlerID connectionHandlerID)
200125 143030.471|INFO|Thread-0|receive|public void receive(SealedObject TransportPacket, ConnectionHandlerID connectionHandlerID)
200125 143036.637|INFO|Thread-0|receive|public void receive(SealedObject TransportPacket, ConnectionHandlerID connectionHandlerID)
200125 143144.049|INFO|Thread-25|run|send(Serializable)
200125 143144.174|INFO|Thread-0|receive|public void receive(SealedObject TransportPacket, ConnectionHandlerID connectionHandlerID)
200125 143240.828|INFO|Thread-0|receive|public void receive(SealedObject TransportPacket, ConnectionHandlerID connectionHandlerID)
200125 143532.136|INFO|Thread-28|run|send(Serializable)
200125 143532.276|INFO|Thread-0|receive|public void receive(SealedObject TransportPacket, ConnectionHandlerID connectionHandlerID)
200125 143653.578|INFO|Thread-0|receive|public void receive(SealedObject TransportPacket, ConnectionHandlerID connectionHandlerID)
200125 144053.262|INFO|Thread-31|run|send(Serializable)
200125 144053.371|INFO|Thread-0|receive|public void receive(SealedObject TransportPacket, ConnectionHandlerID connectionHandlerID)
200125 144130.173|INFO|Thread-0|receive|public void receive(SealedObject TransportPacket, ConnectionHandlerID connectionHandlerID)
200125 144434.357|INFO|Thread-34|run|send(Serializable)
200125 144434.482|INFO|Thread-0|receive|public void receive(SealedObject TransportPacket, ConnectionHandlerID connectionHandlerID)
200125 144456.901|INFO|Thread-0|receive|public void receive(SealedObject TransportPacket, ConnectionHandlerID connectionHandlerID)
200125 145345.269|INFO|Thread-37|run|send(Serializable)
200125 145345.410|INFO|Thread-0|receive|public void receive(SealedObject TransportPacket, ConnectionHandlerID connectionHandlerID)
200125 145528.301|INFO|Thread-0|receive|public void receive(SealedObject TransportPacket, ConnectionHandlerID connectionHandlerID)
200125 150348.328|INFO|Thread-40|run|send(Serializable)
200125 150348.478|INFO|Thread-0|receive|public void receive(SealedObject TransportPacket, ConnectionHandlerID connectionHandlerID)
200125 150421.902|INFO|Thread-0|receive|public void receive(SealedObject TransportPacket, ConnectionHandlerID connectionHandlerID)
200125 151628.084|INFO|Thread-43|run|send(Serializable)
200125 151628.231|INFO|Thread-0|receive|public void receive(SealedObject TransportPacket, ConnectionHandlerID connectionHandlerID)
200125 151822.605|INFO|Thread-0|receive|public void receive(SealedObject TransportPacket, ConnectionHandlerID connectionHandlerID)
200125 152250.587|INFO|Thread-46|run|send(Serializable)
200125 152250.743|INFO|Thread-0|receive|public void receive(SealedObject TransportPacket, ConnectionHandlerID connectionHandlerID)
200125 152341.433|INFO|Thread-0|receive|public void receive(SealedObject TransportPacket, ConnectionHandlerID connectionHandlerID)
200125 153106.986|INFO|Thread-0|receive|public void receive(SealedObject TransportPacket, ConnectionHandlerID connectionHandlerID)
200125 153348.042|INFO|Thread-50|run|send(Serializable)
200125 153348.182|INFO|Thread-0|receive|public void receive(SealedObject TransportPacket, ConnectionHandlerID connectionHandlerID)
200125 153406.028|INFO|Thread-0|receive|public void receive(SealedObject TransportPacket, ConnectionHandlerID connectionHandlerID)
200125 155726.022|INFO|Thread-0|receive|public void receive(SealedObject TransportPacket, ConnectionHandlerID connectionHandlerID)
200125 160402.167|INFO|Thread-54|run|send(Serializable)
200125 160402.323|INFO|Thread-0|receive|public void receive(SealedObject TransportPacket, ConnectionHandlerID connectionHandlerID)
200125 160452.903|INFO|Thread-0|receive|public void receive(SealedObject TransportPacket, ConnectionHandlerID connectionHandlerID)
200125 160506.120|INFO|Thread-0|receive|public void receive(SealedObject TransportPacket, ConnectionHandlerID connectionHandlerID)
200125 172917.947|INFO|Thread-0|connectionDropped|connectionDropped(ConnectionHandlerID myConnectionID) 
